2025-01-09 14:06:38.833 [info] Added views:outline in workbench.view.explorer
2025-01-09 14:06:38.833 [info] Added views:workbench.view.search in workbench.view.search
2025-01-09 14:06:38.833 [info] Added views:workbench.scm in workbench.view.scm
2025-01-09 14:06:38.833 [info] Added views:workbench.panel.markers.view in workbench.panel.markers
2025-01-09 14:06:38.833 [info] Added views:workbench.panel.output in workbench.panel.output
2025-01-09 14:06:38.833 [info] Added views:terminal in terminal
2025-01-09 14:06:38.833 [info] Added views:timeline in workbench.view.explorer
2025-01-09 14:06:38.833 [info] Added views:workbench.explorer.emptyView in workbench.view.explorer
2025-01-09 14:06:38.962 [info] Added views:workbench.debug.variablesView,workbench.debug.watchExpressionsView,workbench.debug.callStackView,workbench.debug.breakPointsView in workbench.view.debug
2025-01-09 14:06:40.377 [info] Added views:~remote.forwardedPorts in ~remote.forwardedPortsContainer
2025-01-09 14:06:40.518 [info] Added views:workbench.panel.repl.view in workbench.panel.repl
2025-01-09 14:06:40.520 [info] Removed views:workbench.debug.breakPointsView,workbench.debug.callStackView,workbench.debug.watchExpressionsView,workbench.debug.variablesView from workbench.view.debug
2025-01-09 14:06:40.522 [info] Added views:workbench.debug.welcome in workbench.view.debug
2025-01-09 14:08:16.830 [info] Added views:outline in workbench.view.explorer
2025-01-09 14:08:16.831 [info] Added views:workbench.view.search in workbench.view.search
2025-01-09 14:08:16.831 [info] Added views:workbench.scm in workbench.view.scm
2025-01-09 14:08:16.831 [info] Added views:workbench.panel.markers.view in workbench.panel.markers
2025-01-09 14:08:16.831 [info] Added views:workbench.panel.output in workbench.panel.output
2025-01-09 14:08:16.831 [info] Added views:terminal in terminal
2025-01-09 14:08:16.831 [info] Added views:timeline in workbench.view.explorer
2025-01-09 14:08:16.831 [info] Added views:workbench.explorer.fileView in workbench.view.explorer
2025-01-09 14:08:17.265 [info] Added views:workbench.debug.variablesView,workbench.debug.watchExpressionsView,workbench.debug.callStackView,workbench.debug.breakPointsView in workbench.view.debug
2025-01-09 14:08:17.501 [info] Added views:~remote.forwardedPorts in ~remote.forwardedPortsContainer
2025-01-09 14:08:17.594 [info] Added views:workbench.panel.repl.view in workbench.panel.repl
2025-01-09 14:08:17.600 [info] Removed views:workbench.debug.breakPointsView,workbench.debug.callStackView,workbench.debug.watchExpressionsView,workbench.debug.variablesView from workbench.view.debug
2025-01-09 14:08:17.603 [info] Added views:workbench.debug.welcome in workbench.view.debug
2025-01-09 14:08:20.251 [info] Added views:workbench.scm.history in workbench.view.scm
2025-01-09 17:12:05.519 [info] Added views:workbench.debug.breakPointsView in workbench.view.debug
