2025-01-09 14:06:40.679 [info] Reading sessions from keychain...
2025-01-09 14:06:40.679 [info] Getting sessions for all scopes...
2025-01-09 14:06:40.679 [info] Getting sessions for all scopes...
2025-01-09 14:06:40.679 [info] Got 0 sessions for ...
2025-01-09 14:06:40.679 [info] Got 0 sessions for ...
2025-01-09 14:06:40.679 [info] Getting sessions for all scopes...
2025-01-09 14:06:40.679 [info] Got 0 sessions for ...
2025-01-09 14:06:40.679 [info] Getting sessions for all scopes...
2025-01-09 14:06:40.679 [info] Got 0 sessions for ...
2025-01-09 14:06:40.679 [info] Getting sessions for all scopes...
2025-01-09 14:06:40.679 [info] Got 0 sessions for ...
2025-01-09 14:06:40.679 [info] Getting sessions for all scopes...
2025-01-09 14:06:40.679 [info] Got 0 sessions for ...
2025-01-09 14:06:40.679 [info] Getting sessions for all scopes...
2025-01-09 14:06:40.679 [info] Got 0 sessions for ...
2025-01-09 14:06:41.526 [info] Getting sessions for all scopes...
2025-01-09 14:06:41.526 [info] Got 0 sessions for ...
2025-01-09 14:08:17.775 [info] Reading sessions from keychain...
2025-01-09 14:08:17.775 [info] Getting sessions for all scopes...
2025-01-09 14:08:17.775 [info] Getting sessions for all scopes...
2025-01-09 14:08:17.775 [info] Getting sessions for all scopes...
2025-01-09 14:08:17.775 [info] Getting sessions for all scopes...
2025-01-09 14:08:17.775 [info] Getting sessions for all scopes...
2025-01-09 14:08:17.775 [info] Getting sessions for all scopes...
2025-01-09 14:08:17.775 [info] Getting sessions for all scopes...
2025-01-09 14:08:17.775 [info] Got 0 sessions for ...
2025-01-09 14:08:17.775 [info] Got 0 sessions for ...
2025-01-09 14:08:17.775 [info] Got 0 sessions for ...
2025-01-09 14:08:17.775 [info] Got 0 sessions for ...
2025-01-09 14:08:17.775 [info] Got 0 sessions for ...
2025-01-09 14:08:17.775 [info] Got 0 sessions for ...
2025-01-09 14:08:17.775 [info] Got 0 sessions for ...
2025-01-09 14:08:19.407 [info] Getting sessions for all scopes...
2025-01-09 14:08:19.407 [info] Got 0 sessions for ...
2025-01-09 14:08:20.394 [info] Getting sessions for read:user,repo,user:email,workflow...
2025-01-09 14:08:20.394 [info] Got 0 sessions for read:user,repo,user:email,workflow...
